<?xml version="1.0" encoding="UTF-8"?>
<!-- Generated by org.testng.reporters.JUnitXMLReporter -->
<testsuite ignored="0" hostname="DESKTOP-4R0B1MP" failures="0" tests="4" name="Buttons" time="16.2" errors="0" timestamp="2023-04-30T23:08:56 IST">
  <testcase classname="testcases.OpenBrowser" name="openBrowserAndURL" time="10.664"/>
  <testcase classname="testcases.TC0005_Buttons_Test" name="buttons_Click" time="0.303"/>
  <testcase classname="testcases.TC0005_Buttons_Test" name="double_right_Click" time="4.474"/>
  <testcase classname="testcases.TC0005_Buttons_Test" name="tear" time="0.493"/>
</testsuite> <!-- Buttons -->
