<?xml version="1.0" encoding="UTF-8"?>
<!-- Generated by org.testng.reporters.JUnitXMLReporter -->
<testsuite ignored="2" hostname="DESKTOP-4R0B1MP" failures="0" tests="2" name="CheckBox" time="10.445" errors="0" timestamp="2023-04-30T23:07:21 IST">
  <testcase classname="testcases.OpenBrowser" name="openBrowserAndURL" time="9.541"/>
  <testcase classname="testcases.TC0002_CheckBox_Test" name="teardown" time="0.763"/>
  <testcase classname="testcases.TC0002_CheckBox_Test" name="checkBox_Test_EnterForm" time="0.0">
    <ignored/>
  </testcase> <!-- checkBox_Test_EnterForm -->
  <testcase classname="testcases.TC0002_CheckBox_Test" name="checkBox_Test_Click" time="0.0">
    <ignored/>
  </testcase> <!-- checkBox_Test_Click -->
</testsuite> <!-- CheckBox -->
