<?xml version="1.0" encoding="UTF-8"?>
<!-- Generated by org.testng.reporters.JUnitXMLReporter -->
<testsuite ignored="0" hostname="DESKTOP-4R0B1MP" failures="0" tests="3" name="dynamicpropeties" time="18.942" errors="0" timestamp="2023-04-30T23:11:03 IST">
  <testcase classname="testcases.OpenBrowser" name="openBrowserAndURL" time="11.795"/>
  <testcase classname="testcases.TC0009_dynamicProperties_Test" name="dynamicProperties_Click" time="6.126"/>
  <testcase classname="testcases.TC0009_dynamicProperties_Test" name="tear" time="0.694"/>
</testsuite> <!-- dynamicpropeties -->
