<?xml version="1.0" encoding="UTF-8"?>
<!-- Generated by org.testng.reporters.JUnitXMLReporter -->
<testsuite ignored="0" hostname="DESKTOP-4R0B1MP" failures="0" tests="5" name="Links" time="37.403" errors="0" timestamp="2023-04-30T23:09:33 IST">
  <testcase classname="testcases.OpenBrowser" name="openBrowserAndURL" time="10.626"/>
  <testcase classname="testcases.TC0006_Links_Test" name="links_Click" time="1.005"/>
  <testcase classname="testcases.TC0006_Links_Test" name="getLinksText" time="0.587"/>
  <testcase classname="testcases.TC0006_Links_Test" name="links_test" time="24.28"/>
  <testcase classname="testcases.TC0006_Links_Test" name="tear" time="0.475"/>
</testsuite> <!-- Links -->
