<?xml version="1.0" encoding="UTF-8"?>
<!-- Generated by org.testng.reporters.JUnitXMLReporter -->
<testsuite ignored="0" hostname="DESKTOP-4R0B1MP" failures="0" tests="4" name="Practiesform" time="58.112" errors="0" timestamp="2023-05-05T12:23:43 IST">
  <testcase classname="testcases.OpenBrowser" name="openBrowserAndURL" time="18.734"/>
  <testcase classname="testcases.TC0010_PractiesForm_Test" name="dynamicProperties_Click" time="2.832"/>
  <testcase classname="testcases.TC0010_PractiesForm_Test" name="enterFormDetails" time="34.082"/>
  <testcase classname="testcases.TC0010_PractiesForm_Test" name="teardown" time="0.999"/>
</testsuite> <!-- Practiesform -->
