<?xml version="1.0" encoding="UTF-8"?>
<!-- Generated by org.testng.reporters.JUnitXMLReporter -->
<testsuite ignored="0" hostname="DESKTOP-4R0B1MP" failures="0" tests="4" name="RadioButton" time="15.515" errors="0" timestamp="2023-04-30T23:07:37 IST">
  <testcase classname="testcases.OpenBrowser" name="openBrowserAndURL" time="8.047"/>
  <testcase classname="testcases.TC0003_RadioButton_Test" name="radio_ButtonClick" time="1.262"/>
  <testcase classname="testcases.TC0003_RadioButton_Test" name="radiobuttondata" time="3.743"/>
  <testcase classname="testcases.TC0003_RadioButton_Test" name="tear" time="2.026"/>
</testsuite> <!-- RadioButton -->
