<?xml version="1.0" encoding="UTF-8"?>
<!-- Generated by org.testng.reporters.JUnitXMLReporter -->
<testsuite ignored="0" hostname="DESKTOP-4R0B1MP" failures="0" tests="4" name="upload and download" time="20.427" errors="0" timestamp="2023-04-30T23:10:44 IST">
  <testcase classname="testcases.OpenBrowser" name="openBrowserAndURL" time="11.983"/>
  <testcase classname="testcases.TC0008_Upload_And_Download_Test" name="uploadAndDownload_Click" time="0.948"/>
  <testcase classname="testcases.TC0008_Upload_And_Download_Test" name="updateFile_download" time="6.376"/>
  <testcase classname="testcases.TC0008_Upload_And_Download_Test" name="tear" time="0.844"/>
</testsuite> <!-- upload and download -->
