<?xml version="1.0" encoding="UTF-8"?>
<!-- Generated by org.testng.reporters.JUnitXMLReporter -->
<testsuite ignored="0" hostname="DESKTOP-4R0B1MP" failures="0" tests="7" name="WebTable" time="62.674" errors="0" timestamp="2023-04-30T23:08:40 IST">
  <testcase classname="testcases.OpenBrowser" name="openBrowserAndURL" time="10.116"/>
  <testcase classname="testcases.TC0004_WebTable_Test" name="webtable_Click" time="1.5"/>
  <testcase classname="testcases.TC0004_WebTable_Test" name="webtable_enter_Values" time="6.925"/>
  <testcase classname="testcases.TC0004_WebTable_Test" name="webtable_enter_Values" time="5.128"/>
  <testcase classname="testcases.TC0004_WebTable_Test" name="webtable_serching_" time="19.689"/>
  <testcase classname="testcases.TC0004_WebTable_Test" name="webtable_serching_" time="17.99"/>
  <testcase classname="testcases.TC0004_WebTable_Test" name="tear" time="0.544"/>
</testsuite> <!-- WebTable -->
