<?xml version="1.0" encoding="UTF-8"?>
<!-- Generated by org.testng.reporters.JUnitXMLReporter -->
<testsuite ignored="0" hostname="DESKTOP-4R0B1MP" failures="0" tests="9" name="WebTable" time="62.66" errors="0" timestamp="2023-05-05T14:06:48 IST">
  <testcase classname="testcases.OpenBrowser" name="openBrowserAndURL" time="13.409"/>
  <testcase classname="testcases.TC0004_WebTable_Test" name="webtable_Click" time="5.262"/>
  <testcase classname="testcases.TC0004_WebTable_Test" name="webtable_enter_Values" time="5.439"/>
  <testcase classname="testcases.TC0004_WebTable_Test" name="webtable_enter_Values" time="5.775"/>
  <testcase classname="testcases.TC0004_WebTable_Test" name="print_After_Table" time="3.737"/>
  <testcase classname="testcases.TC0004_WebTable_Test" name="webtable_serching_" time="11.395"/>
  <testcase classname="testcases.TC0004_WebTable_Test" name="webtable_serching_" time="11.178"/>
  <testcase classname="testcases.TC0004_WebTable_Test" name="print_After_Deleted_Table" time="3.081"/>
  <testcase classname="testcases.TC0004_WebTable_Test" name="teardown" time="1.115"/>
</testsuite> <!-- WebTable -->
