<?xml version="1.0" encoding="UTF-8"?>
<!-- Generated by org.testng.reporters.JUnitXMLReporter -->
<testsuite ignored="0" hostname="DESKTOP-4R0B1MP" failures="0" tests="3" name="dynamicpropeties" time="16.591" errors="0" timestamp="2023-04-30T21:41:40 IST">
  <testcase classname="testcases.OpenBrowser" name="openBrowserAndURL" time="10.373"/>
  <testcase classname="testcases.TC0009_dynamicProperties_Test" name="dynamicProperties_Click" time="5.347"/>
  <testcase classname="testcases.TC0009_dynamicProperties_Test" name="tear" time="0.86"/>
</testsuite> <!-- dynamicpropeties -->
