<?xml version="1.0" encoding="UTF-8"?>
<!-- Generated by org.testng.reporters.JUnitXMLReporter -->
<testsuite ignored="0" hostname="DESKTOP-4R0B1MP" failures="0" tests="5" name="Links" time="34.526" errors="0" timestamp="2023-04-30T21:40:28 IST">
  <testcase classname="testcases.OpenBrowser" name="openBrowserAndURL" time="9.327"/>
  <testcase classname="testcases.TC0006_Links_Test" name="links_Click" time="0.299"/>
  <testcase classname="testcases.TC0006_Links_Test" name="getLinksText" time="1.329"/>
  <testcase classname="testcases.TC0006_Links_Test" name="links_test" time="22.953"/>
  <testcase classname="testcases.TC0006_Links_Test" name="tear" time="0.525"/>
</testsuite> <!-- Links -->
