<?xml version="1.0" encoding="UTF-8"?>
<!-- Generated by org.testng.reporters.JUnitXMLReporter -->
<testsuite ignored="0" hostname="DESKTOP-4R0B1MP" failures="0" tests="4" name="RadioButton" time="15.919" errors="0" timestamp="2023-04-30T21:38:16 IST">
  <testcase classname="testcases.OpenBrowser" name="openBrowserAndURL" time="10.413"/>
  <testcase classname="testcases.TC0003_RadioButton_Test" name="radio_ButtonClick" time="1.375"/>
  <testcase classname="testcases.TC0003_RadioButton_Test" name="radiobuttondata" time="1.718"/>
  <testcase classname="testcases.TC0003_RadioButton_Test" name="tear" time="2.125"/>
</testsuite> <!-- RadioButton -->
