<?xml version="1.0" encoding="UTF-8"?>
<!-- Generated by org.testng.reporters.JUnitXMLReporter -->
<testsuite ignored="0" hostname="DESKTOP-4R0B1MP" failures="2" tests="5" name="TestBox" time="28.958" errors="0" timestamp="2023-04-30T21:37:45 IST">
  <testcase classname="testcases.OpenBrowser" name="openBrowserAndURL" time="16.722"/>
  <testcase classname="testcases.TC0001_TextBox_Test" name="textBox_Test_Click" time="2.632"/>
  <testcase classname="testcases.TC0001_TextBox_Test" name="textBox_Test_EnterForm" time="4.205">
    <failure type="java.lang.AssertionError" message="expected [true] but found [false]">
      <![CDATA[java.lang.AssertionError: expected [true] but found [false]
at pages.TC0001_TextBox_Page.textBox_Page_getText(TC0001_TextBox_Page.java:31)
at testcases.TC0001_TextBox_Test.textBox_Test_EnterForm(TC0001_TextBox_Test.java:25)
at java.base/java.util.ArrayList.forEach(ArrayList.java:1511)
... Removed 31 stack frames]]>
    </failure>
  </testcase> <!-- textBox_Test_EnterForm -->
  <testcase classname="testcases.TC0001_TextBox_Test" name="textBox_Test_EnterForm" time="4.058">
    <failure type="java.lang.AssertionError" message="expected [true] but found [false]">
      <![CDATA[java.lang.AssertionError: expected [true] but found [false]
at pages.TC0001_TextBox_Page.textBox_Page_getText(TC0001_TextBox_Page.java:31)
at testcases.TC0001_TextBox_Test.textBox_Test_EnterForm(TC0001_TextBox_Test.java:25)
at java.base/java.util.ArrayList.forEach(ArrayList.java:1511)
... Removed 31 stack frames]]>
    </failure>
  </testcase> <!-- textBox_Test_EnterForm -->
  <testcase classname="testcases.TC0001_TextBox_Test" name="tear" time="0.627"/>
</testsuite> <!-- TestBox -->
