<?xml version="1.0" encoding="UTF-8"?>
<!-- Generated by org.testng.reporters.JUnitXMLReporter -->
<testsuite ignored="0" hostname="DESKTOP-4R0B1MP" failures="0" tests="4" name="upload and download" time="17.228" errors="0" timestamp="2023-04-30T21:41:23 IST">
  <testcase classname="testcases.OpenBrowser" name="openBrowserAndURL" time="9.234"/>
  <testcase classname="testcases.TC0008_Upload_And_Download_Test" name="uploadAndDownload_Click" time="1.648"/>
  <testcase classname="testcases.TC0008_Upload_And_Download_Test" name="updateFile_download" time="5.414"/>
  <testcase classname="testcases.TC0008_Upload_And_Download_Test" name="tear" time="0.911"/>
</testsuite> <!-- upload and download -->
