<?xml version="1.0" encoding="UTF-8"?>
<!-- Generated by org.testng.reporters.JUnitXMLReporter -->
<testsuite ignored="0" hostname="DESKTOP-4R0B1MP" failures="0" tests="7" name="WebTable" time="71.498" errors="0" timestamp="2023-04-30T21:39:27 IST">
  <testcase classname="testcases.OpenBrowser" name="openBrowserAndURL" time="12.418"/>
  <testcase classname="testcases.TC0004_WebTable_Test" name="webtable_Click" time="1.722"/>
  <testcase classname="testcases.TC0004_WebTable_Test" name="webtable_enter_Values" time="7.17"/>
  <testcase classname="testcases.TC0004_WebTable_Test" name="webtable_enter_Values" time="6.734"/>
  <testcase classname="testcases.TC0004_WebTable_Test" name="webtable_serching_" time="23.294"/>
  <testcase classname="testcases.TC0004_WebTable_Test" name="webtable_serching_" time="19.125"/>
  <testcase classname="testcases.TC0004_WebTable_Test" name="tear" time="0.677"/>
</testsuite> <!-- WebTable -->
