<?xml version="1.0" encoding="UTF-8"?>
<!-- Generated by org.testng.reporters.JUnitXMLReporter -->
<testsuite ignored="0" hostname="DESKTOP-4R0B1MP" failures="0" tests="4" name="Buttons" time="16.942" errors="0" timestamp="2023-04-30T23:19:37 IST">
  <testcase classname="testcases.OpenBrowser" name="openBrowserAndURL" time="11.361"/>
  <testcase classname="testcases.TC0005_Buttons_Test" name="buttons_Click" time="0.262"/>
  <testcase classname="testcases.TC0005_Buttons_Test" name="double_right_Click" time="4.392"/>
  <testcase classname="testcases.TC0005_Buttons_Test" name="tear" time="0.573"/>
</testsuite> <!-- Buttons -->
