<?xml version="1.0" encoding="UTF-8"?>
<!-- Generated by org.testng.reporters.JUnitXMLReporter -->
<testsuite ignored="0" hostname="DESKTOP-4R0B1MP" failures="0" tests="3" name="dynamicpropeties" time="15.321" errors="0" timestamp="2023-04-30T23:21:24 IST">
  <testcase classname="testcases.OpenBrowser" name="openBrowserAndURL" time="9.285"/>
  <testcase classname="testcases.TC0009_dynamicProperties_Test" name="dynamicProperties_Click" time="5.334"/>
  <testcase classname="testcases.TC0009_dynamicProperties_Test" name="tear" time="0.562"/>
</testsuite> <!-- dynamicpropeties -->
