<?xml version="1.0" encoding="UTF-8"?>
<!-- Generated by org.testng.reporters.JUnitXMLReporter -->
<testsuite ignored="0" hostname="DESKTOP-4R0B1MP" failures="0" tests="5" name="Links" time="32.46" errors="0" timestamp="2023-04-30T23:20:10 IST">
  <testcase classname="testcases.OpenBrowser" name="openBrowserAndURL" time="7.942"/>
  <testcase classname="testcases.TC0006_Links_Test" name="links_Click" time="0.475"/>
  <testcase classname="testcases.TC0006_Links_Test" name="getLinksText" time="0.689"/>
  <testcase classname="testcases.TC0006_Links_Test" name="links_test" time="21.803"/>
  <testcase classname="testcases.TC0006_Links_Test" name="tear" time="0.775"/>
</testsuite> <!-- Links -->
