<?xml version="1.0" encoding="UTF-8"?>
<!-- Generated by org.testng.reporters.JUnitXMLReporter -->
<testsuite ignored="0" hostname="DESKTOP-4R0B1MP" failures="0" tests="4" name="RadioButton" time="11.513" errors="0" timestamp="2023-04-30T23:18:09 IST">
  <testcase classname="testcases.OpenBrowser" name="openBrowserAndURL" time="7.919"/>
  <testcase classname="testcases.TC0003_RadioButton_Test" name="radio_ButtonClick" time="1.299"/>
  <testcase classname="testcases.TC0003_RadioButton_Test" name="radiobuttondata" time="1.325"/>
  <testcase classname="testcases.TC0003_RadioButton_Test" name="tear" time="0.602"/>
</testsuite> <!-- RadioButton -->
