<?xml version="1.0" encoding="UTF-8"?>
<!-- Generated by org.testng.reporters.JUnitXMLReporter -->
<testsuite ignored="0" hostname="DESKTOP-4R0B1MP" failures="0" tests="4" name="upload and download" time="20.15" errors="0" timestamp="2023-04-30T23:21:09 IST">
  <testcase classname="testcases.OpenBrowser" name="openBrowserAndURL" time="12.335"/>
  <testcase classname="testcases.TC0008_Upload_And_Download_Test" name="uploadAndDownload_Click" time="0.523"/>
  <testcase classname="testcases.TC0008_Upload_And_Download_Test" name="updateFile_download" time="5.242"/>
  <testcase classname="testcases.TC0008_Upload_And_Download_Test" name="tear" time="1.762"/>
</testsuite> <!-- upload and download -->
