<?xml version="1.0" encoding="UTF-8"?>
<!-- Generated by org.testng.reporters.JUnitXMLReporter -->
<testsuite ignored="0" hostname="DESKTOP-4R0B1MP" failures="0" tests="7" name="WebTable" time="70.816" errors="0" timestamp="2023-04-30T23:19:20 IST">
  <testcase classname="testcases.OpenBrowser" name="openBrowserAndURL" time="14.716"/>
  <testcase classname="testcases.TC0004_WebTable_Test" name="webtable_Click" time="2.038"/>
  <testcase classname="testcases.TC0004_WebTable_Test" name="webtable_enter_Values" time="6.329"/>
  <testcase classname="testcases.TC0004_WebTable_Test" name="webtable_enter_Values" time="5.601"/>
  <testcase classname="testcases.TC0004_WebTable_Test" name="webtable_serching_" time="20.624"/>
  <testcase classname="testcases.TC0004_WebTable_Test" name="webtable_serching_" time="18.494"/>
  <testcase classname="testcases.TC0004_WebTable_Test" name="tear" time="1.887"/>
</testsuite> <!-- WebTable -->
