<?xml version="1.0" encoding="UTF-8"?>
<testsuite xmlns:xsi="http://www.w3.org/2001/XMLSchema-instance" xsi:noNamespaceSchemaLocation="https://maven.apache.org/surefire/maven-surefire-plugin/xsd/surefire-test-report-3.0.xsd" version="3.0" name="TestSuite" time="257.443" tests="39" errors="0" skipped="0" failures="3">
  <properties>
[...]
</properties>
  <testcase name="openBrowserAndURL" classname="testcases.OpenBrowser" time="18.71">
    <system-err><![CDATA[SLF4J: No SLF4J providers were found.
SLF4J: Defaulting to no-operation (NOP) logger implementation
SLF4J: See https://www.slf4j.org/codes.html#noProviders for further details.
log4j:WARN No appenders could be found for logger (io.netty.util.internal.logging.InternalLoggerFactory).
log4j:WARN Please initialize the log4j system properly.
log4j:WARN See http://logging.apache.org/log4j/1.2/faq.html#noconfig for more info.
Starting ChromeDriver 112.0.5615.49 (bd2a7bcb881c11e8cfe3078709382934e3916914-refs/branch-heads/5615@{#936}) on port 19860
Only local connections are allowed.
Please see https://chromedriver.chromium.org/security-considerations for suggestions on keeping ChromeDriver safe.
ChromeDriver was started successfully.
Apr 30, 2023 11:17:16 PM org.openqa.selenium.devtools.CdpVersionFinder findNearestMatch
WARNING: Unable to find an exact match for CDP version 112, so returning the closest version found: 108
]]></system-err>
  </testcase>
  <testcase name="openBrowserAndURL" classname="testcases.OpenBrowser" time="14.733">
    <system-err><![CDATA[Starting ChromeDriver 112.0.5615.49 (bd2a7bcb881c11e8cfe3078709382934e3916914-refs/branch-heads/5615@{#936}) on port 36526
Only local connections are allowed.
Please see https://chromedriver.chromium.org/security-considerations for suggestions on keeping ChromeDriver safe.
ChromeDriver was started successfully.
Apr 30, 2023 11:17:45 PM org.openqa.selenium.devtools.CdpVersionFinder findNearestMatch
WARNING: Unable to find an exact match for CDP version 112, so returning the closest version found: 108
]]></system-err>
  </testcase>
  <testcase name="openBrowserAndURL" classname="testcases.OpenBrowser" time="7.997">
    <system-err><![CDATA[Starting ChromeDriver 112.0.5615.49 (bd2a7bcb881c11e8cfe3078709382934e3916914-refs/branch-heads/5615@{#936}) on port 2281
Only local connections are allowed.
Please see https://chromedriver.chromium.org/security-considerations for suggestions on keeping ChromeDriver safe.
ChromeDriver was started successfully.
Apr 30, 2023 11:18:00 PM org.openqa.selenium.devtools.CdpVersionFinder findNearestMatch
WARNING: Unable to find an exact match for CDP version 112, so returning the closest version found: 108
]]></system-err>
  </testcase>
  <testcase name="openBrowserAndURL" classname="testcases.OpenBrowser" time="14.837">
    <system-err><![CDATA[Starting ChromeDriver 112.0.5615.49 (bd2a7bcb881c11e8cfe3078709382934e3916914-refs/branch-heads/5615@{#936}) on port 31364
Only local connections are allowed.
Please see https://chromedriver.chromium.org/security-considerations for suggestions on keeping ChromeDriver safe.
ChromeDriver was started successfully.
Apr 30, 2023 11:18:11 PM org.openqa.selenium.devtools.CdpVersionFinder findNearestMatch
WARNING: Unable to find an exact match for CDP version 112, so returning the closest version found: 108
]]></system-err>
  </testcase>
  <testcase name="openBrowserAndURL" classname="testcases.OpenBrowser" time="11.425">
    <system-err><![CDATA[Starting ChromeDriver 112.0.5615.49 (bd2a7bcb881c11e8cfe3078709382934e3916914-refs/branch-heads/5615@{#936}) on port 46051
Only local connections are allowed.
Please see https://chromedriver.chromium.org/security-considerations for suggestions on keeping ChromeDriver safe.
ChromeDriver was started successfully.
Apr 30, 2023 11:19:25 PM org.openqa.selenium.devtools.CdpVersionFinder findNearestMatch
WARNING: Unable to find an exact match for CDP version 112, so returning the closest version found: 108
]]></system-err>
  </testcase>
  <testcase name="openBrowserAndURL" classname="testcases.OpenBrowser" time="8.008">
    <system-err><![CDATA[Starting ChromeDriver 112.0.5615.49 (bd2a7bcb881c11e8cfe3078709382934e3916914-refs/branch-heads/5615@{#936}) on port 21418
Only local connections are allowed.
Please see https://chromedriver.chromium.org/security-considerations for suggestions on keeping ChromeDriver safe.
ChromeDriver was started successfully.
Apr 30, 2023 11:19:39 PM org.openqa.selenium.devtools.CdpVersionFinder findNearestMatch
WARNING: Unable to find an exact match for CDP version 112, so returning the closest version found: 108
]]></system-err>
  </testcase>
  <testcase name="openBrowserAndURL" classname="testcases.OpenBrowser" time="12.711">
    <system-err><![CDATA[Starting ChromeDriver 112.0.5615.49 (bd2a7bcb881c11e8cfe3078709382934e3916914-refs/branch-heads/5615@{#936}) on port 3645
Only local connections are allowed.
Please see https://chromedriver.chromium.org/security-considerations for suggestions on keeping ChromeDriver safe.
ChromeDriver was started successfully.
Apr 30, 2023 11:20:11 PM org.openqa.selenium.devtools.CdpVersionFinder findNearestMatch
WARNING: Unable to find an exact match for CDP version 112, so returning the closest version found: 108
]]></system-err>
  </testcase>
  <testcase name="openBrowserAndURL" classname="testcases.OpenBrowser" time="12.381">
    <system-err><![CDATA[Starting ChromeDriver 112.0.5615.49 (bd2a7bcb881c11e8cfe3078709382934e3916914-refs/branch-heads/5615@{#936}) on port 39078
Only local connections are allowed.
Please see https://chromedriver.chromium.org/security-considerations for suggestions on keeping ChromeDriver safe.
ChromeDriver was started successfully.
Apr 30, 2023 11:20:53 PM org.openqa.selenium.devtools.CdpVersionFinder findNearestMatch
WARNING: Unable to find an exact match for CDP version 112, so returning the closest version found: 108
]]></system-err>
  </testcase>
  <testcase name="openBrowserAndURL" classname="testcases.OpenBrowser" time="9.334">
    <system-err><![CDATA[Starting ChromeDriver 112.0.5615.49 (bd2a7bcb881c11e8cfe3078709382934e3916914-refs/branch-heads/5615@{#936}) on port 45969
Only local connections are allowed.
Please see https://chromedriver.chromium.org/security-considerations for suggestions on keeping ChromeDriver safe.
ChromeDriver was started successfully.
Apr 30, 2023 11:21:11 PM org.openqa.selenium.devtools.CdpVersionFinder findNearestMatch
WARNING: Unable to find an exact match for CDP version 112, so returning the closest version found: 108
]]></system-err>
  </testcase>
  <testcase name="textBox_Test_Click" classname="testcases.TC0001_TextBox_Test" time="1.786"/>
  <testcase name="textBox_Test_EnterForm[{paddress=12345678, email=abc@gmail.com, caddress=ab:3737, fname=abc}](1)" classname="testcases.TC0001_TextBox_Test" time="5.586">
    <failure message="expected [true] but found [false]" type="java.lang.AssertionError"><![CDATA[java.lang.AssertionError: expected [true] but found [false]
	at testcases.TC0001_TextBox_Test.textBox_Test_EnterForm(TC0001_TextBox_Test.java:26)
]]></failure>
    <system-out><![CDATA[Name:abc
Email:abc@gmail.com
Current Address :ab:3737
Permananet Address :12345678
]]></system-out>
  </testcase>
  <testcase name="textBox_Test_EnterForm[{paddress=1234567899, email=def@gmail.com, caddress=dsd9@09, fname=def}](2)" classname="testcases.TC0001_TextBox_Test" time="4.335">
    <failure message="expected [true] but found [false]" type="java.lang.AssertionError"><![CDATA[java.lang.AssertionError: expected [true] but found [false]
	at testcases.TC0001_TextBox_Test.textBox_Test_EnterForm(TC0001_TextBox_Test.java:26)
]]></failure>
    <system-out><![CDATA[Name:def
Email:def@gmail.com
Current Address :dsd9@09
Permananet Address :1234567899
]]></system-out>
  </testcase>
  <testcase name="teardown" classname="testcases.TC0001_TextBox_Test" time="1.443"/>
  <testcase name="teardown" classname="testcases.TC0002_CheckBox_Test" time="0.519"/>
  <testcase name="radio_ButtonClick" classname="testcases.TC0003_RadioButton_Test" time="1.373"/>
  <testcase name="radiobuttondata[{no=true, yes=true, impressive=false}](1)" classname="testcases.TC0003_RadioButton_Test" time="1.365">
    <system-out><![CDATA[You have selected Yes

It is not Enabled

]]></system-out>
  </testcase>
  <testcase name="tear" classname="testcases.TC0003_RadioButton_Test" time="0.652"/>
  <testcase name="webtable_Click" classname="testcases.TC0004_WebTable_Test" time="2.098"/>
  <testcase name="webtable_enter_Values[{age=25, lname=def, email=abc@gmail.com, depertment=IT, salary=8000, fname=abc}](1)" classname="testcases.TC0004_WebTable_Test" time="6.477"/>
  <testcase name="webtable_enter_Values[{age=26, lname=stv, email=xyz@gmail.com, depertment=QA, salary=9000, fname=xyz}](2)" classname="testcases.TC0004_WebTable_Test" time="5.732"/>
  <testcase name="webtable_serching_[{mfname=abc1, mlname=def1, memail=abc1@gmail.com, smfname=abc1, fname=abc}](1)" classname="testcases.TC0004_WebTable_Test" time="20.655">
    <system-out><![CDATA[[First Name, Last Name, Age, Email, Salary, Department, Action]
[Cierra, Vega, 39, cierra@example.com, 10000, Insurance, , Alden, Cantrell, 45, alden@example.com, 12000, Compliance, , Kierra, Gentry, 29, kierra@example.com, 2000, Legal, , abc, def, 25, abc@gmail.com, 8000, IT, , xyz, stv, 26, xyz@gmail.com, 9000, QA, ,  ,  ,  ,  ,  ,  ,  ,  ,  ,  ,  ,  ,  ,  ,  ,  ,  ,  ,  ,  ,  ,  ,  ,  ,  ,  ,  ,  ,  ,  ,  ,  ,  ,  ,  ]
....Before Enter values...

[First Name, Last Name, Age, Email, Salary, Department, Action]
[abc, def, 25, abc@gmail.com, 8000, IT, ,  ,  ,  ,  ,  ,  ,  ,  ,  ,  ,  ,  ,  ,  ,  ,  ,  ,  ,  ,  ,  ,  ,  ,  ,  ,  ,  ,  ,  ,  ,  ,  ,  ,  ,  ,  ,  ,  ,  ,  ,  ,  ,  ,  ,  ,  ,  ,  ,  ,  ,  ,  ,  ,  ,  ,  ,  ,  ,  ,  ,  ,  ,  ]
[First Name, Last Name, Age, Email, Salary, Department, Action]
[abc1, def1, 25, abc1@gmail.com, 8000, IT, ,  ,  ,  ,  ,  ,  ,  ,  ,  ,  ,  ,  ,  ,  ,  ,  ,  ,  ,  ,  ,  ,  ,  ,  ,  ,  ,  ,  ,  ,  ,  ,  ,  ,  ,  ,  ,  ,  ,  ,  ,  ,  ,  ,  ,  ,  ,  ,  ,  ,  ,  ,  ,  ,  ,  ,  ,  ,  ,  ,  ,  ,  ,  ]
....After Enter values...

]]></system-out>
  </testcase>
  <testcase name="webtable_serching_[{mfname=xyz1, mlname=stv1, memail=xyz1@gmail.com, smfname=xyz1, fname=xyz}](2)" classname="testcases.TC0004_WebTable_Test" time="18.681">
    <system-out><![CDATA[[First Name, Last Name, Age, Email, Salary, Department, Action]
[Cierra, Vega, 39, cierra@example.com, 10000, Insurance, , Alden, Cantrell, 45, alden@example.com, 12000, Compliance, , Kierra, Gentry, 29, kierra@example.com, 2000, Legal, , xyz, stv, 26, xyz@gmail.com, 9000, QA, ,  ,  ,  ,  ,  ,  ,  ,  ,  ,  ,  ,  ,  ,  ,  ,  ,  ,  ,  ,  ,  ,  ,  ,  ,  ,  ,  ,  ,  ,  ,  ,  ,  ,  ,  ,  ,  ,  ,  ,  ,  ,  ]
....Before Enter values...

[First Name, Last Name, Age, Email, Salary, Department, Action]
[xyz, stv, 26, xyz@gmail.com, 9000, QA, ,  ,  ,  ,  ,  ,  ,  ,  ,  ,  ,  ,  ,  ,  ,  ,  ,  ,  ,  ,  ,  ,  ,  ,  ,  ,  ,  ,  ,  ,  ,  ,  ,  ,  ,  ,  ,  ,  ,  ,  ,  ,  ,  ,  ,  ,  ,  ,  ,  ,  ,  ,  ,  ,  ,  ,  ,  ,  ,  ,  ,  ,  ,  ]
[First Name, Last Name, Age, Email, Salary, Department, Action]
[xyz1, stv1, 26, xyz1@gmail.com, 9000, QA, ,  ,  ,  ,  ,  ,  ,  ,  ,  ,  ,  ,  ,  ,  ,  ,  ,  ,  ,  ,  ,  ,  ,  ,  ,  ,  ,  ,  ,  ,  ,  ,  ,  ,  ,  ,  ,  ,  ,  ,  ,  ,  ,  ,  ,  ,  ,  ,  ,  ,  ,  ,  ,  ,  ,  ,  ,  ,  ,  ,  ,  ,  ,  ]
....After Enter values...

]]></system-out>
  </testcase>
  <testcase name="tear" classname="testcases.TC0004_WebTable_Test" time="1.947"/>
  <testcase name="buttons_Click" classname="testcases.TC0005_Buttons_Test" time="0.461"/>
  <testcase name="double_right_Click" classname="testcases.TC0005_Buttons_Test" time="4.433">
    <system-out><![CDATA[You have done a double click
You have done a right click
You have done a dynamic click
]]></system-out>
  </testcase>
  <testcase name="tear" classname="testcases.TC0005_Buttons_Test" time="0.619"/>
  <testcase name="links_Click" classname="testcases.TC0006_Links_Test" time="0.884"/>
  <testcase name="getLinksText" classname="testcases.TC0006_Links_Test" time="0.776">
    <system-out><![CDATA[[Home, Home9Fx71, Created, No Content, Moved, Bad Request, Unauthorized, Forbidden, Not Found]
]]></system-out>
  </testcase>
  <testcase name="links_test[{nocontent=true, unautorized=true, created=true, home2=true, not_found=true, forbidden=true, home=true, moved=true, badrequest=true}](1)" classname="testcases.TC0006_Links_Test" time="21.855">
    <system-out><![CDATA[DEMOQA
DEMOQA
Link has responded with staus 201 and status text Created
Link has responded with staus 204 and status text No Content
Link has responded with staus 301 and status text Moved Permanently
Link has responded with staus 400 and status text Bad Request
Link has responded with staus 401 and status text Unauthorized
Link has responded with staus 403 and status text Forbidden
Link has responded with staus 404 and status text Not Found
]]></system-out>
  </testcase>
  <testcase name="tear" classname="testcases.TC0006_Links_Test" time="0.811"/>
  <testcase name="brokenLinks_Click" classname="testcases.TC0007_Broken_Links_Images_Test" time="1.373"/>
  <testcase name="getBrokenLinks_images_Details" classname="testcases.TC0007_Broken_Links_Images_Test" time="4.661">
    <system-out><![CDATA[No of links are 4

https://demoqa.com/ - OK
http://demoqa.com/ - Moved Permanently
http://the-internet.herokuapp.com/status_codes/500 - Internal Server Error is a broken link

Total number of Images on the Page are 4

URL of Image 1 is: https://ad.plus/adplus-advertising.svg
https://ad.plus/adplus-advertising.svg - OK
DISPLAY - OK

URL of Image 2 is: https://demoqa.com/images/Toolsqa.jpg
https://demoqa.com/images/Toolsqa.jpg - OK
DISPLAY - OK

URL of Image 3 is: https://demoqa.com/images/Toolsqa.jpg
https://demoqa.com/images/Toolsqa.jpg - OK
DISPLAY - OK

URL of Image 4 is: https://demoqa.com/images/Toolsqa_1.jpg
https://demoqa.com/images/Toolsqa_1.jpg - OK
DISPLAY - BROKEN

[Click Here for Valid Link, Click Here for Broken Link]
]]></system-out>
  </testcase>
  <testcase name="brokenlinks_click_Links[{link2=true, link1=true}](1)" classname="testcases.TC0007_Broken_Links_Images_Test" time="19.544">
    <failure message="The following asserts failed:&#10;	 fffffffff expected [https://demoqa.com/] but found [https://demoqa.com/1],&#10;	seeeeeeee expected [http://the-internet.herokuapp.com/status_codes/500] but found [http://the-internet.herokuapp.com/status_codes/5001]" type="java.lang.AssertionError"><![CDATA[java.lang.AssertionError: 
The following asserts failed:
	 fffffffff expected [https://demoqa.com/] but found [https://demoqa.com/1],
	seeeeeeee expected [http://the-internet.herokuapp.com/status_codes/500] but found [http://the-internet.herokuapp.com/status_codes/5001]
	at testcases.TC0007_Broken_Links_Images_Test.brokenlinks_click_Links(TC0007_Broken_Links_Images_Test.java:32)
]]></failure>
  </testcase>
  <testcase name="tear" classname="testcases.TC0007_Broken_Links_Images_Test" time="0.632"/>
  <testcase name="uploadAndDownload_Click" classname="testcases.TC0008_Upload_And_Download_Test" time="0.67"/>
  <testcase name="updateFile_download" classname="testcases.TC0008_Upload_And_Download_Test" time="5.276"/>
  <testcase name="tear" classname="testcases.TC0008_Upload_And_Download_Test" time="1.815"/>
  <testcase name="dynamicProperties_Click" classname="testcases.TC0009_dynamicProperties_Test" time="5.386">
    <system-out><![CDATA[Visible After 5 Seconds
]]></system-out>
  </testcase>
  <testcase name="tear" classname="testcases.TC0009_dynamicProperties_Test" time="0.596"/>
</testsuite>