<?xml version="1.0" encoding="UTF-8"?>
<testng-results ignored="0" total="9" passed="9" failed="0" skipped="0">
  <reporter-output>
  </reporter-output>
  <suite started-at="2023-05-05T14:05:45 IST" name="Suite" finished-at="2023-05-05T14:06:48 IST" duration-ms="62660">
    <groups>
      <group name="functional">
        <method signature="OpenBrowser.openBrowserAndURL()[pri:0, instance:testcases.OpenBrowser@73db4768]" name="openBrowserAndURL" class="testcases.OpenBrowser"/>
      </group> <!-- functional -->
      <group name="regression">
        <method signature="OpenBrowser.openBrowserAndURL()[pri:0, instance:testcases.OpenBrowser@73db4768]" name="openBrowserAndURL" class="testcases.OpenBrowser"/>
        <method signature="TC0004_WebTable_Test.print_After_Deleted_Table()[pri:5, instance:testcases.TC0004_WebTable_Test@76f7d241]" name="print_After_Deleted_Table" class="testcases.TC0004_WebTable_Test"/>
        <method signature="TC0004_WebTable_Test.print_After_Table()[pri:3, instance:testcases.TC0004_WebTable_Test@76f7d241]" name="print_After_Table" class="testcases.TC0004_WebTable_Test"/>
        <method signature="TC0004_WebTable_Test.teardown()[pri:6, instance:testcases.TC0004_WebTable_Test@76f7d241]" name="teardown" class="testcases.TC0004_WebTable_Test"/>
        <method signature="TC0004_WebTable_Test.webtable_Click()[pri:1, instance:testcases.TC0004_WebTable_Test@76f7d241]" name="webtable_Click" class="testcases.TC0004_WebTable_Test"/>
        <method signature="TC0004_WebTable_Test.webtable_enter_Values(java.util.Hashtable)[pri:2, instance:testcases.TC0004_WebTable_Test@76f7d241]" name="webtable_enter_Values" class="testcases.TC0004_WebTable_Test"/>
        <method signature="TC0004_WebTable_Test.webtable_serching_(java.util.Hashtable)[pri:4, instance:testcases.TC0004_WebTable_Test@76f7d241]" name="webtable_serching_" class="testcases.TC0004_WebTable_Test"/>
      </group> <!-- regression -->
      <group name="smoke">
        <method signature="OpenBrowser.openBrowserAndURL()[pri:0, instance:testcases.OpenBrowser@73db4768]" name="openBrowserAndURL" class="testcases.OpenBrowser"/>
        <method signature="TC0004_WebTable_Test.print_After_Deleted_Table()[pri:5, instance:testcases.TC0004_WebTable_Test@76f7d241]" name="print_After_Deleted_Table" class="testcases.TC0004_WebTable_Test"/>
        <method signature="TC0004_WebTable_Test.print_After_Table()[pri:3, instance:testcases.TC0004_WebTable_Test@76f7d241]" name="print_After_Table" class="testcases.TC0004_WebTable_Test"/>
        <method signature="TC0004_WebTable_Test.teardown()[pri:6, instance:testcases.TC0004_WebTable_Test@76f7d241]" name="teardown" class="testcases.TC0004_WebTable_Test"/>
        <method signature="TC0004_WebTable_Test.webtable_Click()[pri:1, instance:testcases.TC0004_WebTable_Test@76f7d241]" name="webtable_Click" class="testcases.TC0004_WebTable_Test"/>
        <method signature="TC0004_WebTable_Test.webtable_enter_Values(java.util.Hashtable)[pri:2, instance:testcases.TC0004_WebTable_Test@76f7d241]" name="webtable_enter_Values" class="testcases.TC0004_WebTable_Test"/>
        <method signature="TC0004_WebTable_Test.webtable_serching_(java.util.Hashtable)[pri:4, instance:testcases.TC0004_WebTable_Test@76f7d241]" name="webtable_serching_" class="testcases.TC0004_WebTable_Test"/>
      </group> <!-- smoke -->
      <group name="sanity">
        <method signature="OpenBrowser.openBrowserAndURL()[pri:0, instance:testcases.OpenBrowser@73db4768]" name="openBrowserAndURL" class="testcases.OpenBrowser"/>
      </group> <!-- sanity -->
    </groups>
    <test started-at="2023-05-05T14:05:45 IST" name="WebTable" finished-at="2023-05-05T14:06:48 IST" duration-ms="62660">
      <class name="testcases.OpenBrowser">
        <test-method signature="openBrowserAndURL()[pri:0, instance:testcases.OpenBrowser@73db4768]" started-at="2023-05-05T14:05:45 IST" name="openBrowserAndURL" finished-at="2023-05-05T14:05:59 IST" duration-ms="13409" status="PASS">
          <reporter-output>
          </reporter-output>
        </test-method> <!-- openBrowserAndURL -->
      </class> <!-- testcases.OpenBrowser -->
      <class name="testcases.TC0004_WebTable_Test">
        <test-method signature="webtable_Click()[pri:1, instance:testcases.TC0004_WebTable_Test@76f7d241]" started-at="2023-05-05T14:06:00 IST" name="webtable_Click" finished-at="2023-05-05T14:06:05 IST" duration-ms="5262" status="PASS">
          <reporter-output>
          </reporter-output>
        </test-method> <!-- webtable_Click -->
        <test-method signature="webtable_enter_Values(java.util.Hashtable)[pri:2, instance:testcases.TC0004_WebTable_Test@76f7d241]" started-at="2023-05-05T14:06:05 IST" name="webtable_enter_Values" data-provider="demoQAdata" finished-at="2023-05-05T14:06:11 IST" duration-ms="5439" status="PASS">
          <params>
            <param index="0">
              <value>
                <![CDATA[{age=25, lname=def, email=abc@gmail.com, depertment=IT, salary=8000, fname=abc}]]>
              </value>
            </param>
          </params>
          <reporter-output>
          </reporter-output>
        </test-method> <!-- webtable_enter_Values -->
        <test-method signature="webtable_enter_Values(java.util.Hashtable)[pri:2, instance:testcases.TC0004_WebTable_Test@76f7d241]" started-at="2023-05-05T14:06:11 IST" name="webtable_enter_Values" data-provider="demoQAdata" finished-at="2023-05-05T14:06:17 IST" duration-ms="5775" status="PASS">
          <params>
            <param index="0">
              <value>
                <![CDATA[{age=26, lname=stv, email=xyz@gmail.com, depertment=QA, salary=9000, fname=xyz}]]>
              </value>
            </param>
          </params>
          <reporter-output>
          </reporter-output>
        </test-method> <!-- webtable_enter_Values -->
        <test-method signature="print_After_Table()[pri:3, instance:testcases.TC0004_WebTable_Test@76f7d241]" started-at="2023-05-05T14:06:17 IST" name="print_After_Table" finished-at="2023-05-05T14:06:21 IST" duration-ms="3737" status="PASS">
          <reporter-output>
          </reporter-output>
        </test-method> <!-- print_After_Table -->
        <test-method signature="webtable_serching_(java.util.Hashtable)[pri:4, instance:testcases.TC0004_WebTable_Test@76f7d241]" started-at="2023-05-05T14:06:21 IST" name="webtable_serching_" data-provider="demoQAdata" finished-at="2023-05-05T14:06:32 IST" duration-ms="11395" status="PASS">
          <params>
            <param index="0">
              <value>
                <![CDATA[{mfname=pqr1, mlname=ggg1, memail=pqr1@gmail.com, smfname=pqr1, fname=abc}]]>
              </value>
            </param>
          </params>
          <reporter-output>
          </reporter-output>
        </test-method> <!-- webtable_serching_ -->
        <test-method signature="webtable_serching_(java.util.Hashtable)[pri:4, instance:testcases.TC0004_WebTable_Test@76f7d241]" started-at="2023-05-05T14:06:32 IST" name="webtable_serching_" data-provider="demoQAdata" finished-at="2023-05-05T14:06:44 IST" duration-ms="11178" status="PASS">
          <params>
            <param index="0">
              <value>
                <![CDATA[{mfname=lkj1, mlname=sss1, memail=lkj1@gmail.com, smfname=lkj1, fname=xyz}]]>
              </value>
            </param>
          </params>
          <reporter-output>
          </reporter-output>
        </test-method> <!-- webtable_serching_ -->
        <test-method signature="print_After_Deleted_Table()[pri:5, instance:testcases.TC0004_WebTable_Test@76f7d241]" started-at="2023-05-05T14:06:44 IST" name="print_After_Deleted_Table" finished-at="2023-05-05T14:06:47 IST" duration-ms="3081" status="PASS">
          <reporter-output>
          </reporter-output>
        </test-method> <!-- print_After_Deleted_Table -->
        <test-method signature="teardown()[pri:6, instance:testcases.TC0004_WebTable_Test@76f7d241]" started-at="2023-05-05T14:06:47 IST" name="teardown" finished-at="2023-05-05T14:06:48 IST" duration-ms="1115" status="PASS">
          <reporter-output>
          </reporter-output>
        </test-method> <!-- teardown -->
      </class> <!-- testcases.TC0004_WebTable_Test -->
    </test> <!-- WebTable -->
  </suite> <!-- Suite -->
</testng-results>
